2024-11-13 16:32:46.569 [info] Added views:outline in workbench.view.explorer
2024-11-13 16:32:46.569 [info] Added views:workbench.view.search in workbench.view.search
2024-11-13 16:32:46.569 [info] Added views:workbench.scm in workbench.view.scm
2024-11-13 16:32:46.569 [info] Added views:workbench.panel.markers.view in workbench.panel.markers
2024-11-13 16:32:46.569 [info] Added views:workbench.panel.output in workbench.panel.output
2024-11-13 16:32:46.569 [info] Added views:terminal in terminal
2024-11-13 16:32:46.569 [info] Added views:timeline in workbench.view.explorer
2024-11-13 16:32:46.569 [info] Added views:workbench.explorer.fileView in workbench.view.explorer
2024-11-13 16:32:46.788 [info] Added views:workbench.debug.welcome in workbench.view.debug
2024-11-13 16:32:48.325 [info] Added views:workbench.panel.repl.view in workbench.panel.repl
2024-11-13 16:32:49.241 [info] Added views:~remote.forwardedPorts in ~remote.forwardedPortsContainer
2024-11-13 16:32:49.996 [info] Added views:workbench.scm.history in workbench.view.scm
2024-11-13 16:32:55.000 [info] Added views:workbench.views.extensions.installed,workbench.views.extensions.popular,extensions.recommendedList in workbench.view.extensions
2024-11-13 16:32:55.007 [info] Removed views:workbench.views.extensions.popular from workbench.view.extensions
2024-11-13 16:32:57.632 [info] Removed views:extensions.recommendedList,workbench.views.extensions.installed from workbench.view.extensions
2024-11-13 16:32:57.640 [info] Added views:workbench.views.extensions.marketplace in workbench.view.extensions
2024-11-13 16:33:05.890 [info] Removed views:workbench.views.extensions.marketplace from workbench.view.extensions
2024-11-13 16:33:05.904 [info] Added views:workbench.views.extensions.installed,extensions.recommendedList in workbench.view.extensions
2024-11-13 16:33:07.114 [info] Removed views:extensions.recommendedList,workbench.views.extensions.installed from workbench.view.extensions
2024-11-13 16:33:07.138 [info] Added views:workbench.views.extensions.marketplace in workbench.view.extensions
2024-11-13 16:33:22.016 [info] Removed views:workbench.views.extensions.marketplace from workbench.view.extensions
2024-11-13 16:33:22.040 [info] Added views:workbench.views.extensions.installed,extensions.recommendedList in workbench.view.extensions
2024-11-13 16:33:24.215 [info] Removed views:extensions.recommendedList,workbench.views.extensions.installed from workbench.view.extensions
2024-11-13 16:33:24.233 [info] Added views:workbench.views.extensions.marketplace in workbench.view.extensions
2024-11-13 16:33:28.354 [info] Removed views:workbench.views.extensions.marketplace from workbench.view.extensions
2024-11-13 16:33:28.364 [info] Added views:workbench.views.extensions.installed,extensions.recommendedList in workbench.view.extensions
2024-11-13 16:33:30.540 [info] Removed views:extensions.recommendedList,workbench.views.extensions.installed from workbench.view.extensions
2024-11-13 16:33:30.547 [info] Added views:workbench.views.extensions.marketplace in workbench.view.extensions
2024-11-13 16:34:24.120 [info] Removed views:workbench.scm.history from workbench.view.scm
2024-11-13 16:34:24.902 [info] Added views:outline in workbench.view.explorer
2024-11-13 16:34:24.902 [info] Added views:workbench.view.search in workbench.view.search
2024-11-13 16:34:24.902 [info] Added views:workbench.scm in workbench.view.scm
2024-11-13 16:34:24.902 [info] Added views:workbench.panel.markers.view in workbench.panel.markers
2024-11-13 16:34:24.902 [info] Added views:workbench.panel.output in workbench.panel.output
2024-11-13 16:34:24.902 [info] Added views:terminal in terminal
2024-11-13 16:34:24.902 [info] Added views:timeline in workbench.view.explorer
2024-11-13 16:34:24.902 [info] Added views:workbench.explorer.fileView in workbench.view.explorer
2024-11-13 16:34:25.965 [info] Added views:workbench.debug.variablesView,workbench.debug.watchExpressionsView,workbench.debug.callStackView,workbench.debug.breakPointsView in workbench.view.debug
2024-11-13 16:34:26.019 [info] Added views:workbench.panel.repl.view in workbench.panel.repl
2024-11-13 16:34:26.019 [info] Removed views:workbench.debug.breakPointsView,workbench.debug.callStackView,workbench.debug.watchExpressionsView,workbench.debug.variablesView from workbench.view.debug
2024-11-13 16:34:26.020 [info] Added views:workbench.debug.welcome in workbench.view.debug
2024-11-13 16:34:26.280 [info] Added views:~remote.forwardedPorts in ~remote.forwardedPortsContainer
2024-11-13 16:36:29.017 [info] Added views:outline in workbench.view.explorer
2024-11-13 16:36:29.017 [info] Added views:workbench.view.search in workbench.view.search
2024-11-13 16:36:29.017 [info] Added views:workbench.scm in workbench.view.scm
2024-11-13 16:36:29.017 [info] Added views:workbench.panel.markers.view in workbench.panel.markers
2024-11-13 16:36:29.017 [info] Added views:workbench.panel.output in workbench.panel.output
2024-11-13 16:36:29.017 [info] Added views:terminal in terminal
2024-11-13 16:36:29.017 [info] Added views:timeline in workbench.view.explorer
2024-11-13 16:36:29.017 [info] Added views:workbench.explorer.fileView in workbench.view.explorer
2024-11-13 16:36:30.008 [info] Added views:workbench.debug.variablesView,workbench.debug.watchExpressionsView,workbench.debug.callStackView,workbench.debug.breakPointsView in workbench.view.debug
2024-11-13 16:36:30.117 [info] Added views:workbench.panel.repl.view in workbench.panel.repl
2024-11-13 16:36:30.118 [info] Removed views:workbench.debug.breakPointsView,workbench.debug.callStackView,workbench.debug.watchExpressionsView,workbench.debug.variablesView from workbench.view.debug
2024-11-13 16:36:30.119 [info] Added views:workbench.debug.welcome in workbench.view.debug
2024-11-13 16:36:30.182 [info] Added views:~remote.forwardedPorts in ~remote.forwardedPortsContainer
2024-11-13 16:36:30.935 [info] Added views:workbench.scm.history in workbench.view.scm
2024-11-13 16:37:01.202 [info] Removed views:workbench.scm.history from workbench.view.scm
