2024-11-12 18:33:14.593 [info] Added views:outline in workbench.view.explorer
2024-11-12 18:33:14.593 [info] Added views:workbench.view.search in workbench.view.search
2024-11-12 18:33:14.593 [info] Added views:workbench.scm in workbench.view.scm
2024-11-12 18:33:14.593 [info] Added views:workbench.panel.markers.view in workbench.panel.markers
2024-11-12 18:33:14.593 [info] Added views:workbench.panel.output in workbench.panel.output
2024-11-12 18:33:14.593 [info] Added views:terminal in terminal
2024-11-12 18:33:14.593 [info] Added views:timeline in workbench.view.explorer
2024-11-12 18:33:14.593 [info] Added views:workbench.explorer.emptyView in workbench.view.explorer
2024-11-12 18:33:15.323 [info] Added views:workbench.debug.variablesView,workbench.debug.watchExpressionsView,workbench.debug.callStackView,workbench.debug.breakPointsView in workbench.view.debug
2024-11-12 18:33:16.029 [info] Added views:~remote.forwardedPorts in ~remote.forwardedPortsContainer
2024-11-12 18:33:16.309 [info] Added views:workbench.panel.repl.view in workbench.panel.repl
2024-11-12 18:33:16.310 [info] Removed views:workbench.debug.breakPointsView,workbench.debug.callStackView,workbench.debug.watchExpressionsView,workbench.debug.variablesView from workbench.view.debug
2024-11-12 18:33:16.311 [info] Added views:workbench.debug.welcome in workbench.view.debug
2024-11-12 18:33:24.921 [info] Added views:outline in workbench.view.explorer
2024-11-12 18:33:24.921 [info] Added views:workbench.view.search in workbench.view.search
2024-11-12 18:33:24.921 [info] Added views:workbench.scm in workbench.view.scm
2024-11-12 18:33:24.921 [info] Added views:workbench.panel.markers.view in workbench.panel.markers
2024-11-12 18:33:24.921 [info] Added views:workbench.panel.output in workbench.panel.output
2024-11-12 18:33:24.922 [info] Added views:terminal in terminal
2024-11-12 18:33:24.922 [info] Added views:timeline in workbench.view.explorer
2024-11-12 18:33:24.922 [info] Added views:workbench.explorer.fileView in workbench.view.explorer
2024-11-12 18:33:25.425 [info] Added views:workbench.debug.variablesView,workbench.debug.watchExpressionsView,workbench.debug.callStackView,workbench.debug.breakPointsView in workbench.view.debug
2024-11-12 18:33:26.269 [info] Added views:~remote.forwardedPorts in ~remote.forwardedPortsContainer
2024-11-12 18:33:26.320 [info] Added views:workbench.panel.repl.view in workbench.panel.repl
2024-11-12 18:33:26.323 [info] Removed views:workbench.debug.breakPointsView,workbench.debug.callStackView,workbench.debug.watchExpressionsView,workbench.debug.variablesView from workbench.view.debug
2024-11-12 18:33:26.326 [info] Added views:workbench.debug.welcome in workbench.view.debug
2024-11-12 18:33:26.969 [info] Added views:workbench.scm.history in workbench.view.scm
2024-11-12 18:33:52.954 [info] Removed views:workbench.scm.history from workbench.view.scm
