2024-11-12 18:34:26.363 [info] Getting Manifest... claudius.classic-terminal
2024-11-12 18:34:26.781 [info] Installing extension: claudius.classic-terminal {"isMachineScoped":false,"installPreReleaseVersion":false,"pinned":true,"profileLocation":{"$mid":1,"external":"vscode-userdata:/home/hentai/.vscode-oss/extensions/extensions.json","path":"/home/hentai/.vscode-oss/extensions/extensions.json","scheme":"vscode-userdata"},"installOnlyNewlyAddedFromExtensionPack":true,"isApplicationScoped":false,"productVersion":{"version":"1.95.1","date":"2024-11-01T17:20:55.708Z"}}
2024-11-12 18:34:27.566 [error] Could not load vsce-sign module Cannot find package '@vscode/vsce-sign' imported from /usr/lib/code/out/vs/code/electron-utility/sharedProcess/sharedProcessMain.js
2024-11-12 18:34:27.566 [info] Extension signature verification is not done: claudius.classic-terminal
2024-11-12 18:34:27.597 [info] Extracted extension to file:///home/hentai/.vscode-oss/extensions/claudius.classic-terminal-0.0.6-universal: claudius.classic-terminal
2024-11-12 18:34:27.600 [info] Renamed to /home/hentai/.vscode-oss/extensions/claudius.classic-terminal-0.0.6-universal
2024-11-12 18:34:27.616 [info] Extension installed successfully: claudius.classic-terminal vscode-userdata:/home/hentai/.vscode-oss/extensions/extensions.json
2024-11-12 18:34:27.689 [error] [uncaught exception in sharedProcess]: Error: ENOENT: no such file or directory, stat '/home/hentai/.vscode-oss/extensions/extensions.json.vsctmp': EntryNotFound (FileSystemError): Error: ENOENT: no such file or directory, stat '/home/hentai/.vscode-oss/extensions/extensions.json.vsctmp'
    at hm.create (file:///usr/lib/code/out/vs/code/electron-utility/sharedProcess/sharedProcessMain.js:35:39254)
    at Es (file:///usr/lib/code/out/vs/code/electron-utility/sharedProcess/sharedProcessMain.js:35:39361)
    at Fr.ib (file:///usr/lib/code/out/vs/code/electron-utility/sharedProcess/sharedProcessMain.js:71:22677)
    at Fr.stat (file:///usr/lib/code/out/vs/code/electron-utility/sharedProcess/sharedProcessMain.js:71:16010)
    at async Zl.stat (file:///usr/lib/code/out/vs/code/electron-utility/sharedProcess/sharedProcessMain.js:70:84491)
    at async Jl.yb (file:///usr/lib/code/out/vs/code/electron-utility/sharedProcess/sharedProcessMain.js:70:66605)
2024-11-12 18:34:32.806 [info] Uninstalling extension from the profile: claudius.classic-terminal@0.0.6 vscode-userdata:/home/hentai/.vscode-oss/extensions/extensions.json
2024-11-12 18:34:32.828 [info] Marked extension as uninstalled claudius.classic-terminal-0.0.6-universal
2024-11-12 18:34:32.886 [info] Successfully uninstalled extension from the profile claudius.classic-terminal@0.0.6 vscode-userdata:/home/hentai/.vscode-oss/extensions/extensions.json
2024-11-12 18:34:32.900 [error] [uncaught exception in sharedProcess]: Error: ENOENT: no such file or directory, stat '/home/hentai/.vscode-oss/extensions/extensions.json.vsctmp': EntryNotFound (FileSystemError): Error: ENOENT: no such file or directory, stat '/home/hentai/.vscode-oss/extensions/extensions.json.vsctmp'
    at hm.create (file:///usr/lib/code/out/vs/code/electron-utility/sharedProcess/sharedProcessMain.js:35:39254)
    at Es (file:///usr/lib/code/out/vs/code/electron-utility/sharedProcess/sharedProcessMain.js:35:39361)
    at Fr.ib (file:///usr/lib/code/out/vs/code/electron-utility/sharedProcess/sharedProcessMain.js:71:22677)
    at Fr.stat (file:///usr/lib/code/out/vs/code/electron-utility/sharedProcess/sharedProcessMain.js:71:16010)
    at async Zl.stat (file:///usr/lib/code/out/vs/code/electron-utility/sharedProcess/sharedProcessMain.js:70:84491)
    at async Jl.yb (file:///usr/lib/code/out/vs/code/electron-utility/sharedProcess/sharedProcessMain.js:70:66605)
