2024-11-13 06:21:59.039 [info] Added views:outline in workbench.view.explorer
2024-11-13 06:21:59.039 [info] Added views:workbench.view.search in workbench.view.search
2024-11-13 06:21:59.039 [info] Added views:workbench.scm in workbench.view.scm
2024-11-13 06:21:59.039 [info] Added views:workbench.panel.markers.view in workbench.panel.markers
2024-11-13 06:21:59.039 [info] Added views:workbench.panel.output in workbench.panel.output
2024-11-13 06:21:59.039 [info] Added views:terminal in terminal
2024-11-13 06:21:59.039 [info] Added views:timeline in workbench.view.explorer
2024-11-13 06:21:59.039 [info] Added views:workbench.explorer.fileView in workbench.view.explorer
2024-11-13 06:21:59.540 [info] Added views:workbench.debug.welcome in workbench.view.debug
2024-11-13 06:22:00.541 [info] Added views:workbench.panel.repl.view in workbench.panel.repl
2024-11-13 06:22:00.571 [info] Added views:~remote.forwardedPorts in ~remote.forwardedPortsContainer
2024-11-13 06:22:01.153 [info] Added views:workbench.scm.history in workbench.view.scm
2024-11-13 06:22:06.302 [info] Removed views:workbench.scm.history from workbench.view.scm
2024-11-13 06:22:06.909 [info] Added views:outline in workbench.view.explorer
2024-11-13 06:22:06.909 [info] Added views:workbench.view.search in workbench.view.search
2024-11-13 06:22:06.909 [info] Added views:workbench.scm in workbench.view.scm
2024-11-13 06:22:06.909 [info] Added views:workbench.panel.markers.view in workbench.panel.markers
2024-11-13 06:22:06.909 [info] Added views:workbench.panel.output in workbench.panel.output
2024-11-13 06:22:06.909 [info] Added views:terminal in terminal
2024-11-13 06:22:06.909 [info] Added views:timeline in workbench.view.explorer
2024-11-13 06:22:06.909 [info] Added views:workbench.explorer.fileView in workbench.view.explorer
2024-11-13 06:22:07.912 [info] Added views:workbench.debug.variablesView,workbench.debug.watchExpressionsView,workbench.debug.callStackView,workbench.debug.breakPointsView in workbench.view.debug
2024-11-13 06:22:08.023 [info] Added views:workbench.panel.repl.view in workbench.panel.repl
2024-11-13 06:22:08.025 [info] Removed views:workbench.debug.breakPointsView,workbench.debug.callStackView,workbench.debug.watchExpressionsView,workbench.debug.variablesView from workbench.view.debug
2024-11-13 06:22:08.026 [info] Added views:workbench.debug.welcome in workbench.view.debug
2024-11-13 06:22:08.069 [info] Added views:~remote.forwardedPorts in ~remote.forwardedPortsContainer
2024-11-13 06:22:08.709 [info] Added views:workbench.scm.history in workbench.view.scm
2024-11-13 06:23:24.780 [info] Removed views:workbench.scm.history from workbench.view.scm
