2024-11-13 20:34:03.053 [info] Extension host with pid 59791 started
2024-11-13 20:34:03.257 [info] ExtensionService#_doActivateExtension vscode.git-base, startup: true, activationEvent: '*', root cause: vscode.git
2024-11-13 20:34:03.275 [info] ExtensionService#_doActivateExtension KnisterPeter.vscode-github, startup: true, activationEvent: '*'
2024-11-13 20:34:03.548 [info] ExtensionService#_doActivateExtension vscode.git, startup: true, activationEvent: '*'
2024-11-13 20:34:03.697 [info] ExtensionService#_doActivateExtension vscode.github, startup: true, activationEvent: '*'
2024-11-13 20:34:03.859 [info] Eager extensions activated
2024-11-13 20:34:03.904 [info] ExtensionService#_doActivateExtension vscode.debug-auto-launch, startup: false, activationEvent: 'onStartupFinished'
2024-11-13 20:34:03.909 [info] ExtensionService#_doActivateExtension vscode.merge-conflict, startup: false, activationEvent: 'onStartupFinished'
2024-11-13 20:34:03.957 [info] ExtensionService#_doActivateExtension Equinusocio.vsc-material-theme, startup: false, activationEvent: 'onStartupFinished'
2024-11-13 20:34:03.965 [info] ExtensionService#_doActivateExtension equinusocio.vsc-material-theme-icons, startup: false, activationEvent: 'onStartupFinished'
2024-11-13 20:34:03.992 [info] ExtensionService#_doActivateExtension PKief.material-icon-theme, startup: false, activationEvent: 'onStartupFinished'
2024-11-13 20:34:04.021 [info] ExtensionService#_doActivateExtension yandeu.five-server, startup: false, activationEvent: 'onStartupFinished'
2024-11-13 20:35:12.925 [info] Extension host terminating: renderer closed the MessagePort
2024-11-13 20:35:12.937 [info] Extension host with pid 59791 exiting with code 0
2024-11-13 20:35:14.904 [info] Extension host with pid 60320 started
2024-11-13 20:35:14.904 [info] Skipping acquiring lock for /home/hentai/.config/Code - OSS/User/workspaceStorage/8a264aae9c98d0d91a9c5b4b1623387f.
2024-11-13 20:35:14.982 [info] ExtensionService#_doActivateExtension vscode.git-base, startup: true, activationEvent: '*', root cause: vscode.git
2024-11-13 20:35:14.997 [info] ExtensionService#_doActivateExtension KnisterPeter.vscode-github, startup: true, activationEvent: '*'
2024-11-13 20:35:15.376 [info] ExtensionService#_doActivateExtension vscode.git, startup: true, activationEvent: '*'
2024-11-13 20:35:15.502 [info] ExtensionService#_doActivateExtension vscode.github, startup: true, activationEvent: '*'
2024-11-13 20:35:15.650 [info] Eager extensions activated
2024-11-13 20:35:15.849 [info] ExtensionService#_doActivateExtension vscode.debug-auto-launch, startup: false, activationEvent: 'onStartupFinished'
2024-11-13 20:35:15.854 [info] ExtensionService#_doActivateExtension vscode.merge-conflict, startup: false, activationEvent: 'onStartupFinished'
2024-11-13 20:35:15.891 [info] ExtensionService#_doActivateExtension Equinusocio.vsc-material-theme, startup: false, activationEvent: 'onStartupFinished'
2024-11-13 20:35:15.898 [info] ExtensionService#_doActivateExtension equinusocio.vsc-material-theme-icons, startup: false, activationEvent: 'onStartupFinished'
2024-11-13 20:35:15.926 [info] ExtensionService#_doActivateExtension PKief.material-icon-theme, startup: false, activationEvent: 'onStartupFinished'
2024-11-13 20:35:15.956 [info] ExtensionService#_doActivateExtension yandeu.five-server, startup: false, activationEvent: 'onStartupFinished'
2024-11-13 20:35:16.117 [info] ExtensionService#_doActivateExtension vscode.html-language-features, startup: false, activationEvent: 'onLanguage:html'
2024-11-13 20:35:16.270 [info] ExtensionService#_doActivateExtension vscode.emmet, startup: false, activationEvent: 'onLanguage'
2024-11-13 20:53:44.564 [info] ExtensionService#_doActivateExtension vscode.css-language-features, startup: false, activationEvent: 'onLanguage:scss'
2024-11-13 20:56:44.846 [info] Extension host terminating: renderer closed the MessagePort
2024-11-13 20:56:44.879 [error] Canceled: Canceled
	at new tT (file:///usr/lib/code/out/vs/workbench/api/node/extensionHostProcess.js:31:108738)
	at py.U (file:///usr/lib/code/out/vs/workbench/api/node/extensionHostProcess.js:31:113348)
	at s.<computed>.n.charCodeAt.s.<computed> (file:///usr/lib/code/out/vs/workbench/api/node/extensionHostProcess.js:31:110842)
	at Y0.g (file:///usr/lib/code/out/vs/workbench/api/node/extensionHostProcess.js:114:32313)
	at Y0.executeCommand (file:///usr/lib/code/out/vs/workbench/api/node/extensionHostProcess.js:114:31817)
	at r.registerCommand.description (file:///usr/lib/code/out/vs/workbench/api/node/extensionHostProcess.js:114:31147)
	at Y0.h (file:///usr/lib/code/out/vs/workbench/api/node/extensionHostProcess.js:114:32833)
	at Y0.g (file:///usr/lib/code/out/vs/workbench/api/node/extensionHostProcess.js:114:31910)
	at Y0.executeCommand (file:///usr/lib/code/out/vs/workbench/api/node/extensionHostProcess.js:114:31817)
	at Object.executeCommand (file:///usr/lib/code/out/vs/workbench/api/node/extensionHostProcess.js:156:37246)
	at mh.O [as value] (/usr/lib/code/extensions/git/dist/main.js:2:961845)
	at D.B (file:///usr/lib/code/out/vs/workbench/api/node/extensionHostProcess.js:29:746)
	at D.C (file:///usr/lib/code/out/vs/workbench/api/node/extensionHostProcess.js:29:816)
	at D.fire (file:///usr/lib/code/out/vs/workbench/api/node/extensionHostProcess.js:29:1033)
	at Object.p [as dispose] (/usr/lib/code/extensions/git/dist/main.js:2:983333)
	at /usr/lib/code/extensions/git/dist/main.js:2:989455
	at Array.forEach (<anonymous>)
	at b.dispose (/usr/lib/code/extensions/git/dist/main.js:2:989441)
	at V1.<anonymous> (file:///usr/lib/code/out/vs/workbench/api/node/extensionHostProcess.js:108:19994)
	at V1.dispose (file:///usr/lib/code/out/vs/workbench/api/node/extensionHostProcess.js:108:20090)
	at V1.<anonymous> (/usr/lib/code/extensions/git/dist/main.js:2:964255)
	at V1.dispose (file:///usr/lib/code/out/vs/workbench/api/node/extensionHostProcess.js:108:20090)
	at ci (file:///usr/lib/code/out/vs/workbench/api/node/extensionHostProcess.js:24:699)
	at file:///usr/lib/code/out/vs/workbench/api/node/extensionHostProcess.js:118:14992
	at file:///usr/lib/code/out/vs/workbench/api/node/extensionHostProcess.js:24:1009
	at Object.dispose (file:///usr/lib/code/out/vs/workbench/api/node/extensionHostProcess.js:7:2146)
	at z_.eb (file:///usr/lib/code/out/vs/workbench/api/node/extensionHostProcess.js:118:11919)
	at file:///usr/lib/code/out/vs/workbench/api/node/extensionHostProcess.js:118:9874
	at Array.map (<anonymous>)
	at z_.$ (file:///usr/lib/code/out/vs/workbench/api/node/extensionHostProcess.js:118:9862)
	at z_.terminate (file:///usr/lib/code/out/vs/workbench/api/node/extensionHostProcess.js:118:10105)
	at EC.terminate (file:///usr/lib/code/out/vs/workbench/api/node/extensionHostProcess.js:119:1424)
	at Zi (file:///usr/lib/code/out/vs/workbench/api/node/extensionHostProcess.js:174:15063)
	at MessagePortMain.<anonymous> (file:///usr/lib/code/out/vs/workbench/api/node/extensionHostProcess.js:174:11611)
	at MessagePortMain.emit (node:events:519:28)
	at MessagePortMain._internalPort.emit (node:electron/js2c/utility_init:2:2949) setContext undefined
2024-11-13 20:56:44.880 [error] Canceled: Canceled
	at new tT (file:///usr/lib/code/out/vs/workbench/api/node/extensionHostProcess.js:31:108738)
	at py.U (file:///usr/lib/code/out/vs/workbench/api/node/extensionHostProcess.js:31:113348)
	at s.<computed>.n.charCodeAt.s.<computed> (file:///usr/lib/code/out/vs/workbench/api/node/extensionHostProcess.js:31:110842)
	at Y0.g (file:///usr/lib/code/out/vs/workbench/api/node/extensionHostProcess.js:114:32313)
	at Y0.executeCommand (file:///usr/lib/code/out/vs/workbench/api/node/extensionHostProcess.js:114:31817)
	at r.registerCommand.description (file:///usr/lib/code/out/vs/workbench/api/node/extensionHostProcess.js:114:31147)
	at Y0.h (file:///usr/lib/code/out/vs/workbench/api/node/extensionHostProcess.js:114:32833)
	at Y0.g (file:///usr/lib/code/out/vs/workbench/api/node/extensionHostProcess.js:114:31910)
	at Y0.executeCommand (file:///usr/lib/code/out/vs/workbench/api/node/extensionHostProcess.js:114:31817)
	at Object.executeCommand (file:///usr/lib/code/out/vs/workbench/api/node/extensionHostProcess.js:156:37246)
	at set hasGitHubRepositories (/usr/lib/code/extensions/github/dist/extension.js:2:328633)
	at /usr/lib/code/extensions/github/dist/extension.js:2:329592
	at mh.value (/usr/lib/code/extensions/git/dist/main.js:2:1073936)
	at D.B (file:///usr/lib/code/out/vs/workbench/api/node/extensionHostProcess.js:29:746)
	at D.C (file:///usr/lib/code/out/vs/workbench/api/node/extensionHostProcess.js:29:816)
	at D.fire (file:///usr/lib/code/out/vs/workbench/api/node/extensionHostProcess.js:29:1033)
	at Object.p [as dispose] (/usr/lib/code/extensions/git/dist/main.js:2:983333)
	at /usr/lib/code/extensions/git/dist/main.js:2:989455
	at Array.forEach (<anonymous>)
	at b.dispose (/usr/lib/code/extensions/git/dist/main.js:2:989441)
	at V1.<anonymous> (file:///usr/lib/code/out/vs/workbench/api/node/extensionHostProcess.js:108:19994)
	at V1.dispose (file:///usr/lib/code/out/vs/workbench/api/node/extensionHostProcess.js:108:20090)
	at V1.<anonymous> (/usr/lib/code/extensions/git/dist/main.js:2:964255)
	at V1.dispose (file:///usr/lib/code/out/vs/workbench/api/node/extensionHostProcess.js:108:20090)
	at ci (file:///usr/lib/code/out/vs/workbench/api/node/extensionHostProcess.js:24:699)
	at file:///usr/lib/code/out/vs/workbench/api/node/extensionHostProcess.js:118:14992
	at file:///usr/lib/code/out/vs/workbench/api/node/extensionHostProcess.js:24:1009
	at Object.dispose (file:///usr/lib/code/out/vs/workbench/api/node/extensionHostProcess.js:7:2146)
	at z_.eb (file:///usr/lib/code/out/vs/workbench/api/node/extensionHostProcess.js:118:11919)
	at file:///usr/lib/code/out/vs/workbench/api/node/extensionHostProcess.js:118:9874
	at Array.map (<anonymous>)
	at z_.$ (file:///usr/lib/code/out/vs/workbench/api/node/extensionHostProcess.js:118:9862)
	at z_.terminate (file:///usr/lib/code/out/vs/workbench/api/node/extensionHostProcess.js:118:10105)
	at EC.terminate (file:///usr/lib/code/out/vs/workbench/api/node/extensionHostProcess.js:119:1424)
	at Zi (file:///usr/lib/code/out/vs/workbench/api/node/extensionHostProcess.js:174:15063)
	at MessagePortMain.<anonymous> (file:///usr/lib/code/out/vs/workbench/api/node/extensionHostProcess.js:174:11611)
	at MessagePortMain.emit (node:events:519:28)
	at MessagePortMain._internalPort.emit (node:electron/js2c/utility_init:2:2949) setContext undefined
2024-11-13 20:56:44.884 [info] Extension host with pid 60320 exiting with code 0
