2024-11-12 17:43:56.304 [info] Added views:outline in workbench.view.explorer
2024-11-12 17:43:56.305 [info] Added views:workbench.view.search in workbench.view.search
2024-11-12 17:43:56.305 [info] Added views:workbench.scm in workbench.view.scm
2024-11-12 17:43:56.305 [info] Added views:workbench.panel.markers.view in workbench.panel.markers
2024-11-12 17:43:56.305 [info] Added views:workbench.panel.output in workbench.panel.output
2024-11-12 17:43:56.305 [info] Added views:terminal in terminal
2024-11-12 17:43:56.305 [info] Added views:timeline in workbench.view.explorer
2024-11-12 17:43:56.305 [info] Added views:workbench.explorer.emptyView in workbench.view.explorer
2024-11-12 17:43:57.028 [info] Added views:workbench.debug.variablesView,workbench.debug.watchExpressionsView,workbench.debug.callStackView,workbench.debug.breakPointsView in workbench.view.debug
2024-11-12 17:43:58.038 [info] Added views:~remote.forwardedPorts in ~remote.forwardedPortsContainer
2024-11-12 17:43:58.533 [info] Added views:workbench.panel.repl.view in workbench.panel.repl
2024-11-12 17:43:58.534 [info] Removed views:workbench.debug.breakPointsView,workbench.debug.callStackView,workbench.debug.watchExpressionsView,workbench.debug.variablesView from workbench.view.debug
2024-11-12 17:43:58.536 [info] Added views:workbench.debug.welcome in workbench.view.debug
2024-11-12 17:44:12.699 [info] Added views:outline in workbench.view.explorer
2024-11-12 17:44:12.699 [info] Added views:workbench.view.search in workbench.view.search
2024-11-12 17:44:12.699 [info] Added views:workbench.scm in workbench.view.scm
2024-11-12 17:44:12.699 [info] Added views:workbench.panel.markers.view in workbench.panel.markers
2024-11-12 17:44:12.699 [info] Added views:workbench.panel.output in workbench.panel.output
2024-11-12 17:44:12.699 [info] Added views:terminal in terminal
2024-11-12 17:44:12.699 [info] Added views:timeline in workbench.view.explorer
2024-11-12 17:44:12.699 [info] Added views:workbench.explorer.fileView in workbench.view.explorer
2024-11-12 17:44:13.427 [info] Added views:workbench.debug.variablesView,workbench.debug.watchExpressionsView,workbench.debug.callStackView,workbench.debug.breakPointsView in workbench.view.debug
2024-11-12 17:44:14.460 [info] Added views:workbench.panel.repl.view in workbench.panel.repl
2024-11-12 17:44:14.465 [info] Removed views:workbench.debug.breakPointsView,workbench.debug.callStackView,workbench.debug.watchExpressionsView,workbench.debug.variablesView from workbench.view.debug
2024-11-12 17:44:14.467 [info] Added views:workbench.debug.welcome in workbench.view.debug
2024-11-12 17:44:14.664 [info] Added views:~remote.forwardedPorts in ~remote.forwardedPortsContainer
2024-11-12 17:44:15.803 [info] Added views:workbench.scm.history in workbench.view.scm
2024-11-12 17:45:50.130 [info] Removed views:workbench.scm.history from workbench.view.scm
