2024-11-13 17:03:13.382 [info] [main] Log level: Info
2024-11-13 17:03:13.382 [info] [main] Validating found git in: "git"
2024-11-13 17:03:13.382 [info] [main] Using git "2.47.0" from "git"
2024-11-13 17:03:13.382 [info] [Model][doInitialScan] Initial repository scan started
2024-11-13 17:03:13.382 [info] [Model][doInitialScan] Initial repository scan completed - repositories (0), closed repositories (0), parent repositories (0), unsafe repositories (0)
2024-11-13 17:03:31.410 [info] [main] Log level: Info
2024-11-13 17:03:31.410 [info] [main] Validating found git in: "git"
2024-11-13 17:03:31.410 [info] [main] Using git "2.47.0" from "git"
2024-11-13 17:03:31.410 [info] [Model][doInitialScan] Initial repository scan started
2024-11-13 17:03:31.410 [info] > git rev-parse --show-toplevel [26ms]
2024-11-13 17:03:31.506 [info] > git rev-parse --show-toplevel [34ms]
2024-11-13 17:03:31.543 [info] > git rev-parse --show-toplevel [20ms]
2024-11-13 17:03:31.747 [info] > git rev-parse --show-toplevel [184ms]
2024-11-13 17:03:31.844 [info] > git rev-parse --show-toplevel [2ms]
2024-11-13 17:03:31.866 [info] > git rev-parse --show-toplevel [1ms]
2024-11-13 17:03:31.868 [info] [Model][doInitialScan] Initial repository scan completed - repositories (0), closed repositories (0), parent repositories (1), unsafe repositories (0)
2024-11-13 17:03:32.434 [info] > git rev-parse --show-toplevel [5ms]
2024-11-13 17:03:35.495 [info] > git rev-parse --show-toplevel [24ms]
2024-11-13 17:15:30.309 [info] [main] Log level: Info
2024-11-13 17:15:30.309 [info] [main] Validating found git in: "git"
2024-11-13 17:15:30.309 [info] [main] Using git "2.47.0" from "git"
2024-11-13 17:15:30.309 [info] [Model][doInitialScan] Initial repository scan started
2024-11-13 17:15:30.309 [info] > git rev-parse --show-toplevel [176ms]
2024-11-13 17:15:30.354 [info] > git rev-parse --show-toplevel [15ms]
2024-11-13 17:15:30.386 [info] > git rev-parse --show-toplevel [19ms]
2024-11-13 17:15:30.402 [info] > git rev-parse --show-toplevel [9ms]
2024-11-13 17:15:30.410 [info] > git rev-parse --show-toplevel [1ms]
2024-11-13 17:15:30.411 [info] [Model][doInitialScan] Initial repository scan completed - repositories (0), closed repositories (0), parent repositories (1), unsafe repositories (0)
2024-11-13 17:15:30.913 [info] > git rev-parse --show-toplevel [2ms]
2024-11-13 17:15:32.227 [info] > git rev-parse --show-toplevel [3ms]
2024-11-13 17:31:23.644 [warning] [Model][getRepositoryExact] Failed to get repository realpath for: "/home/hentai/DEV/Cpp-Project-Setup/script/commerce/". Error:Error: ENOENT: no such file or directory, realpath '/home/hentai/DEV/Cpp-Project-Setup/script/commerce/'
