2024-11-13 20:34:03.965 [info] [main] Log level: Info
2024-11-13 20:34:03.965 [info] [main] Validating found git in: "git"
2024-11-13 20:34:03.965 [info] [main] Using git "2.47.0" from "git"
2024-11-13 20:34:03.965 [info] [Model][doInitialScan] Initial repository scan started
2024-11-13 20:34:03.965 [info] [Model][doInitialScan] Initial repository scan completed - repositories (0), closed repositories (0), parent repositories (0), unsafe repositories (0)
2024-11-13 20:35:15.717 [info] [main] Log level: Info
2024-11-13 20:35:15.717 [info] [main] Validating found git in: "git"
2024-11-13 20:35:15.717 [info] [main] Using git "2.47.0" from "git"
2024-11-13 20:35:15.717 [info] [Model][doInitialScan] Initial repository scan started
2024-11-13 20:35:15.717 [info] > git rev-parse --show-toplevel [29ms]
2024-11-13 20:35:15.758 [info] > git rev-parse --show-toplevel [25ms]
2024-11-13 20:35:15.793 [info] > git rev-parse --show-toplevel [12ms]
2024-11-13 20:35:15.827 [info] > git rev-parse --show-toplevel [15ms]
2024-11-13 20:35:15.844 [info] > git rev-parse --show-toplevel [2ms]
2024-11-13 20:35:16.337 [info] > git rev-parse --show-toplevel [446ms]
2024-11-13 20:35:16.394 [info] > git rev-parse --git-dir --git-common-dir [2ms]
2024-11-13 20:35:16.414 [info] [Model][openRepository] Opened repository: /home/hentai/DEV/ProjectGenerator/bin/ecommerce/scss
2024-11-13 20:35:16.417 [info] [Model][doInitialScan] Initial repository scan completed - repositories (1), closed repositories (0), parent repositories (1), unsafe repositories (0)
2024-11-13 20:35:16.436 [info] [Git][getRemotes] No remotes found in the git config file
2024-11-13 20:35:16.438 [info] > git config --get commit.template [11ms]
2024-11-13 20:35:16.438 [info] > git for-each-ref --format=%(refname)%00%(upstream:short)%00%(objectname)%00%(upstream:track)%00%(upstream:remotename)%00%(upstream:remoteref) refs/heads/master refs/remotes/master [3ms]
2024-11-13 20:35:16.458 [info] > git status -z -uall [10ms]
2024-11-13 20:35:16.459 [info] > git for-each-ref --sort -committerdate --format %(refname) %(objectname) %(*objectname) [3ms]
2024-11-13 20:35:16.486 [info] > git for-each-ref --format=%(refname)%00%(upstream:short)%00%(objectname)%00%(upstream:track)%00%(upstream:remotename)%00%(upstream:remoteref) refs/heads/master refs/remotes/master [11ms]
2024-11-13 20:35:16.494 [info] > git config --get commit.template [9ms]
2024-11-13 20:35:16.495 [info] > git config --local branch.master.vscode-merge-base [2ms]
2024-11-13 20:35:16.495 [warning] [Git][config] git config failed: Failed to execute git
2024-11-13 20:35:16.512 [info] [Git][getRemotes] No remotes found in the git config file
2024-11-13 20:35:16.513 [info] > git reflog master --grep-reflog=branch: Created from *. [11ms]
2024-11-13 20:35:16.520 [info] > git for-each-ref --format=%(refname)%00%(upstream:short)%00%(objectname)%00%(upstream:track)%00%(upstream:remotename)%00%(upstream:remoteref) refs/heads/master refs/remotes/master [8ms]
2024-11-13 20:35:16.542 [info] > git status -z -uall [11ms]
2024-11-13 20:35:16.543 [info] > git symbolic-ref --short refs/remotes/origin/HEAD [24ms]
2024-11-13 20:35:16.543 [info] fatal: ref refs/remotes/origin/HEAD is not a symbolic ref
2024-11-13 20:35:16.543 [warning] [Repository][getDefaultBranch] Failed to get default branch details: Failed to execute git.
2024-11-13 20:35:16.545 [info] > git for-each-ref --sort -committerdate --format %(refname) %(objectname) %(*objectname) [4ms]
2024-11-13 20:35:16.919 [info] > git rev-parse --show-toplevel [4ms]
2024-11-13 20:35:17.259 [info] > git check-ignore -v -z --stdin [17ms]
2024-11-13 20:40:30.501 [info] > git rev-parse --show-toplevel [2ms]
2024-11-13 20:40:31.056 [info] > git rev-parse --show-toplevel [8ms]
2024-11-13 20:43:50.837 [info] > git rev-parse --show-toplevel [3ms]
2024-11-13 20:53:43.731 [info] > git check-ignore -v -z --stdin [1ms]
2024-11-13 20:53:44.910 [info] > git show --textconv :main.scss [38ms]
2024-11-13 20:53:44.918 [info] > git ls-files --stage -- /home/hentai/DEV/ProjectGenerator/bin/ecommerce/scss/main.scss [9ms]
2024-11-13 20:53:44.957 [info] > git cat-file -s 449db32f969ae3c8bee475f0aac2f951e63bee1e [6ms]
2024-11-13 20:54:58.839 [info] > git show --textconv :overlay.scss [11ms]
2024-11-13 20:54:58.840 [info] > git ls-files --stage -- /home/hentai/DEV/ProjectGenerator/bin/ecommerce/scss/overlay.scss [2ms]
2024-11-13 20:54:58.849 [info] > git cat-file -s 9f3ee0587bf28ad42265475842a76c66eb16c51b [2ms]
2024-11-13 20:55:24.815 [info] > git show --textconv :main.scss [8ms]
2024-11-13 20:55:24.816 [info] > git ls-files --stage -- /home/hentai/DEV/ProjectGenerator/bin/ecommerce/scss/main.scss [2ms]
2024-11-13 20:55:24.824 [info] > git cat-file -s 449db32f969ae3c8bee475f0aac2f951e63bee1e [1ms]
