2024-11-12 18:34:07.071 [info] [main] Log level: Info
2024-11-12 18:34:07.071 [info] [main] Validating found git in: "git"
2024-11-12 18:34:07.071 [info] [main] Using git "2.47.0" from "git"
2024-11-12 18:34:07.071 [info] [Model][doInitialScan] Initial repository scan started
2024-11-12 18:34:07.071 [info] > git rev-parse --show-toplevel [29ms]
2024-11-12 18:34:07.071 [info] > git rev-parse --git-dir --git-common-dir [49ms]
2024-11-12 18:34:07.071 [info] [Model][openRepository] Opened repository: /home/hentai/DEV/Cpp-Project-Setup
2024-11-12 18:34:07.071 [info] > git rev-parse --show-toplevel [31ms]
2024-11-12 18:34:07.071 [info] > git config --get commit.template [38ms]
2024-11-12 18:34:07.103 [info] > git rev-parse --show-toplevel [24ms]
2024-11-12 18:34:07.115 [info] > git for-each-ref --format=%(refname)%00%(upstream:short)%00%(objectname)%00%(upstream:track)%00%(upstream:remotename)%00%(upstream:remoteref) refs/heads/main refs/remotes/main [20ms]
2024-11-12 18:34:07.122 [info] > git rev-parse --show-toplevel [14ms]
2024-11-12 18:34:07.129 [info] > git rev-parse --show-toplevel [2ms]
2024-11-12 18:34:07.129 [info] [Model][doInitialScan] Initial repository scan completed - repositories (1), closed repositories (0), parent repositories (0), unsafe repositories (0)
2024-11-12 18:34:07.144 [info] > git status -z -uall [8ms]
2024-11-12 18:34:07.145 [info] > git for-each-ref --sort -committerdate --format %(refname) %(objectname) %(*objectname) [3ms]
2024-11-12 18:34:07.166 [info] > git for-each-ref --format=%(refname)%00%(upstream:short)%00%(objectname)%00%(upstream:track)%00%(upstream:remotename)%00%(upstream:remoteref) refs/heads/main refs/remotes/main [9ms]
2024-11-12 18:34:07.177 [info] > git config --local branch.main.vscode-merge-base [6ms]
2024-11-12 18:34:07.184 [info] > git config --get commit.template [18ms]
2024-11-12 18:34:07.187 [info] > git for-each-ref --format=%(refname)%00%(upstream:short)%00%(objectname)%00%(upstream:track)%00%(upstream:remotename)%00%(upstream:remoteref) refs/heads/origin/main refs/remotes/origin/main [3ms]
2024-11-12 18:34:07.245 [info] > git merge-base refs/heads/main refs/remotes/origin/main [53ms]
2024-11-12 18:34:07.259 [info] > git diff --name-status -z --diff-filter=ADMR 7ee54ae8824aab0de0cdba41a70df021ab7c5b1f...refs/remotes/origin/main [9ms]
2024-11-12 18:34:07.260 [info] > git for-each-ref --format=%(refname)%00%(upstream:short)%00%(objectname)%00%(upstream:track)%00%(upstream:remotename)%00%(upstream:remoteref) refs/heads/main refs/remotes/main [16ms]
2024-11-12 18:34:07.273 [info] > git status -z -uall [5ms]
2024-11-12 18:34:07.276 [info] > git for-each-ref --sort -committerdate --format %(refname) %(objectname) %(*objectname) [3ms]
2024-11-12 18:34:07.469 [info] > git show --textconv :script/script.sh [6ms]
2024-11-12 18:34:07.470 [info] > git ls-files --stage -- /home/hentai/DEV/Cpp-Project-Setup/script/script.sh [2ms]
2024-11-12 18:34:07.475 [info] > git cat-file -s 6451b83ee98cfd5bda7255546e99cd6d4a577250 [1ms]
2024-11-12 18:34:07.568 [info] > git check-ignore -v -z --stdin [1ms]
2024-11-12 18:34:35.574 [info] > git log --format=%H%n%aN%n%aE%n%at%n%ct%n%P%n%D%n%B -z --shortstat --diff-merges=first-parent -n50 --skip=0 --topo-order --decorate=full --stdin [12ms]
2024-11-12 18:34:36.181 [info] > git check-ignore -v -z --stdin [1ms]
2024-11-12 18:34:43.082 [info] > git show --textconv :script/script.sh [7ms]
2024-11-12 18:34:43.083 [info] > git ls-files --stage -- /home/hentai/DEV/Cpp-Project-Setup/script/script.sh [2ms]
2024-11-12 18:34:43.090 [info] > git cat-file -s 6451b83ee98cfd5bda7255546e99cd6d4a577250 [2ms]
2024-11-12 18:35:28.639 [info] > git check-ignore -v -z --stdin [1ms]
2024-11-12 18:37:21.844 [info] > git config --get commit.template [10ms]
2024-11-12 18:37:21.845 [info] > git for-each-ref --format=%(refname)%00%(upstream:short)%00%(objectname)%00%(upstream:track)%00%(upstream:remotename)%00%(upstream:remoteref) refs/heads/main refs/remotes/main [2ms]
2024-11-12 18:37:21.866 [info] > git status -z -uall [12ms]
2024-11-12 18:37:21.867 [info] > git for-each-ref --sort -committerdate --format %(refname) %(objectname) %(*objectname) [3ms]
2024-11-12 18:37:26.895 [info] > git config --get commit.template [6ms]
2024-11-12 18:37:26.896 [info] > git for-each-ref --format=%(refname)%00%(upstream:short)%00%(objectname)%00%(upstream:track)%00%(upstream:remotename)%00%(upstream:remoteref) refs/heads/main refs/remotes/main [2ms]
2024-11-12 18:37:26.906 [info] > git status -z -uall [6ms]
2024-11-12 18:37:26.907 [info] > git for-each-ref --sort -committerdate --format %(refname) %(objectname) %(*objectname) [2ms]
2024-11-12 18:37:43.131 [info] > git config --get commit.template [5ms]
2024-11-12 18:37:43.132 [info] > git for-each-ref --format=%(refname)%00%(upstream:short)%00%(objectname)%00%(upstream:track)%00%(upstream:remotename)%00%(upstream:remoteref) refs/heads/main refs/remotes/main [2ms]
2024-11-12 18:37:43.142 [info] > git status -z -uall [6ms]
2024-11-12 18:37:43.143 [info] > git for-each-ref --sort -committerdate --format %(refname) %(objectname) %(*objectname) [2ms]
2024-11-12 18:39:36.401 [info] > git check-ignore -v -z --stdin [2ms]
2024-11-12 18:39:38.867 [info] > git config --get commit.template [12ms]
2024-11-12 18:39:38.868 [info] > git for-each-ref --format=%(refname)%00%(upstream:short)%00%(objectname)%00%(upstream:track)%00%(upstream:remotename)%00%(upstream:remoteref) refs/heads/main refs/remotes/main [3ms]
2024-11-12 18:39:38.884 [info] > git status -z -uall [9ms]
2024-11-12 18:39:38.886 [info] > git for-each-ref --sort -committerdate --format %(refname) %(objectname) %(*objectname) [3ms]
2024-11-12 18:40:08.141 [info] > git check-ignore -v -z --stdin [1ms]
2024-11-12 18:40:16.831 [info] > git check-ignore -v -z --stdin [2ms]
2024-11-12 18:40:34.883 [info] > git config --get commit.template [2ms]
2024-11-12 18:40:34.896 [info] > git for-each-ref --format=%(refname)%00%(upstream:short)%00%(objectname)%00%(upstream:track)%00%(upstream:remotename)%00%(upstream:remoteref) refs/heads/main refs/remotes/main [1ms]
2024-11-12 18:40:34.916 [info] > git status -z -uall [12ms]
2024-11-12 18:40:34.919 [info] > git for-each-ref --sort -committerdate --format %(refname) %(objectname) %(*objectname) [3ms]
2024-11-12 18:40:39.943 [info] > git config --get commit.template [5ms]
2024-11-12 18:40:39.944 [info] > git for-each-ref --format=%(refname)%00%(upstream:short)%00%(objectname)%00%(upstream:track)%00%(upstream:remotename)%00%(upstream:remoteref) refs/heads/main refs/remotes/main [2ms]
2024-11-12 18:40:39.954 [info] > git status -z -uall [6ms]
2024-11-12 18:40:39.955 [info] > git for-each-ref --sort -committerdate --format %(refname) %(objectname) %(*objectname) [2ms]
2024-11-12 18:40:53.648 [info] > git config --get commit.template [2ms]
2024-11-12 18:40:53.653 [info] > git for-each-ref --format=%(refname)%00%(upstream:short)%00%(objectname)%00%(upstream:track)%00%(upstream:remotename)%00%(upstream:remoteref) refs/heads/main refs/remotes/main [1ms]
2024-11-12 18:40:53.663 [info] > git status -z -uall [5ms]
2024-11-12 18:40:53.664 [info] > git for-each-ref --sort -committerdate --format %(refname) %(objectname) %(*objectname) [1ms]
2024-11-12 18:41:03.592 [info] > git config --get commit.template [6ms]
2024-11-12 18:41:03.593 [info] > git for-each-ref --format=%(refname)%00%(upstream:short)%00%(objectname)%00%(upstream:track)%00%(upstream:remotename)%00%(upstream:remoteref) refs/heads/main refs/remotes/main [1ms]
2024-11-12 18:41:03.603 [info] > git status -z -uall [5ms]
2024-11-12 18:41:03.605 [info] > git for-each-ref --sort -committerdate --format %(refname) %(objectname) %(*objectname) [3ms]
2024-11-12 18:42:08.174 [info] > git for-each-ref --format=%(refname)%00%(upstream:short)%00%(objectname)%00%(upstream:track)%00%(upstream:remotename)%00%(upstream:remoteref) refs/heads/main refs/remotes/main [2ms]
2024-11-12 18:42:08.174 [info] > git config --get commit.template [13ms]
2024-11-12 18:42:08.189 [info] > git status -z -uall [8ms]
2024-11-12 18:42:08.191 [info] > git for-each-ref --sort -committerdate --format %(refname) %(objectname) %(*objectname) [2ms]
2024-11-12 18:42:08.211 [info] > git merge-base refs/heads/main refs/remotes/origin/main [2ms]
2024-11-12 18:42:08.222 [info] > git diff --name-status -z --diff-filter=ADMR ded9c0b90fba7995575f5cd628ecc4546dbfacc3...refs/remotes/origin/main [3ms]
2024-11-12 18:42:08.236 [info] > git ls-files --stage -- /home/hentai/DEV/Cpp-Project-Setup/script/script.sh [2ms]
2024-11-12 18:42:08.247 [info] > git cat-file -s e35ff92d578af33d6bdee12af697d3be7c0fdff4 [3ms]
2024-11-12 18:42:08.267 [info] > git show --textconv :script/script.sh [3ms]
