2024-11-12 17:43:59.509 [info] [main] Log level: Info
2024-11-12 17:43:59.509 [info] [main] Validating found git in: "git"
2024-11-12 17:43:59.509 [info] [main] Using git "2.47.0" from "git"
2024-11-12 17:43:59.509 [info] [Model][doInitialScan] Initial repository scan started
2024-11-12 17:43:59.509 [info] [Model][doInitialScan] Initial repository scan completed - repositories (0), closed repositories (0), parent repositories (0), unsafe repositories (0)
2024-11-12 17:44:15.575 [info] [main] Log level: Info
2024-11-12 17:44:15.575 [info] [main] Validating found git in: "git"
2024-11-12 17:44:15.575 [info] [main] Using git "2.47.0" from "git"
2024-11-12 17:44:15.575 [info] [Model][doInitialScan] Initial repository scan started
2024-11-12 17:44:15.575 [info] > git rev-parse --show-toplevel [27ms]
2024-11-12 17:44:15.628 [info] > git rev-parse --git-dir --git-common-dir [7ms]
2024-11-12 17:44:15.664 [info] [Model][openRepository] Opened repository: /home/hentai/DEV/Cpp-Project-Setup/bin/project
2024-11-12 17:44:15.711 [info] > git config --get commit.template [21ms]
2024-11-12 17:44:15.712 [info] > git rev-parse --show-toplevel [5ms]
2024-11-12 17:44:15.734 [info] [Git][getRemotes] No remotes found in the git config file
2024-11-12 17:44:15.747 [info] > git rev-parse --show-toplevel [4ms]
2024-11-12 17:44:15.747 [info] > git for-each-ref --format=%(refname)%00%(upstream:short)%00%(objectname)%00%(upstream:track)%00%(upstream:remotename)%00%(upstream:remoteref) refs/heads/master refs/remotes/master [15ms]
2024-11-12 17:44:15.816 [info] > git status -z -uall [54ms]
2024-11-12 17:44:15.817 [info] > git for-each-ref --sort -committerdate --format %(refname) %(objectname) %(*objectname) [31ms]
2024-11-12 17:44:15.951 [info] > git for-each-ref --format=%(refname)%00%(upstream:short)%00%(objectname)%00%(upstream:track)%00%(upstream:remotename)%00%(upstream:remoteref) refs/heads/master refs/remotes/master [115ms]
2024-11-12 17:44:15.966 [info] > git rev-parse --show-toplevel [153ms]
2024-11-12 17:44:16.036 [info] > git config --local branch.master.vscode-merge-base [71ms]
2024-11-12 17:44:16.037 [warning] [Git][config] git config failed: Failed to execute git
2024-11-12 17:44:16.045 [info] > git config --get commit.template [109ms]
2024-11-12 17:44:16.051 [info] > git rev-parse --show-toplevel [18ms]
2024-11-12 17:44:16.061 [info] [Git][getRemotes] No remotes found in the git config file
2024-11-12 17:44:16.070 [info] > git reflog master --grep-reflog=branch: Created from *. [26ms]
2024-11-12 17:44:16.079 [info] > git rev-parse --show-toplevel [9ms]
2024-11-12 17:44:16.079 [info] [Model][doInitialScan] Initial repository scan completed - repositories (1), closed repositories (0), parent repositories (0), unsafe repositories (0)
2024-11-12 17:44:16.080 [info] > git for-each-ref --format=%(refname)%00%(upstream:short)%00%(objectname)%00%(upstream:track)%00%(upstream:remotename)%00%(upstream:remoteref) refs/heads/master refs/remotes/master [19ms]
2024-11-12 17:44:16.108 [info] > git status -z -uall [15ms]
2024-11-12 17:44:16.108 [info] > git symbolic-ref --short refs/remotes/origin/HEAD [32ms]
2024-11-12 17:44:16.108 [info] fatal: ref refs/remotes/origin/HEAD is not a symbolic ref
2024-11-12 17:44:16.108 [warning] [Repository][getDefaultBranch] Failed to get default branch details: Failed to execute git.
2024-11-12 17:44:16.113 [info] > git for-each-ref --sort -committerdate --format %(refname) %(objectname) %(*objectname) [9ms]
2024-11-12 17:44:16.485 [info] > git check-ignore -v -z --stdin [2ms]
2024-11-12 17:44:24.021 [info] > git check-ignore -v -z --stdin [2ms]
2024-11-12 17:44:32.290 [info] > git show --textconv :CMakeLists.txt [17ms]
2024-11-12 17:44:32.295 [info] > git ls-files --stage -- /home/hentai/DEV/Cpp-Project-Setup/bin/project/CMakeLists.txt [6ms]
2024-11-12 17:44:32.307 [info] > git cat-file -s 4a2f6b44fff989f6cf36704a771a11a37f083fad [2ms]
2024-11-12 17:45:02.693 [info] > git show --textconv :.Readme [7ms]
2024-11-12 17:45:02.694 [info] > git ls-files --stage -- /home/hentai/DEV/Cpp-Project-Setup/bin/project/.Readme [2ms]
2024-11-12 17:45:02.700 [info] > git cat-file -s 6afe2e7625ec6201e166573e9ac0b725b7ca581b [2ms]
2024-11-12 17:45:03.194 [info] > git show --textconv :.gitignore [22ms]
2024-11-12 17:45:03.201 [info] > git ls-files --stage -- /home/hentai/DEV/Cpp-Project-Setup/bin/project/.gitignore [7ms]
2024-11-12 17:45:03.231 [info] > git cat-file -s 48bb6250dffd6703af641bdb4eedb2d5b41df74d [9ms]
2024-11-12 17:45:19.206 [info] > git show --textconv :CMakeLists.txt [9ms]
2024-11-12 17:45:19.208 [info] > git ls-files --stage -- /home/hentai/DEV/Cpp-Project-Setup/bin/project/CMakeLists.txt [3ms]
2024-11-12 17:45:19.216 [info] > git cat-file -s 4a2f6b44fff989f6cf36704a771a11a37f083fad [2ms]
