2024-11-13 06:21:43.931 [info] [main] Log level: Info
2024-11-13 06:21:43.931 [info] [main] Validating found git in: "git"
2024-11-13 06:21:43.931 [info] [main] Using git "2.47.0" from "git"
2024-11-13 06:21:43.931 [info] [Model][doInitialScan] Initial repository scan started
2024-11-13 06:21:43.931 [info] > git rev-parse --show-toplevel [26ms]
2024-11-13 06:21:43.931 [info] > git rev-parse --git-dir --git-common-dir [15ms]
2024-11-13 06:21:43.931 [info] [Model][openRepository] Opened repository: /home/hentai/DEV/Cpp-Project-Setup
2024-11-13 06:21:43.960 [info] > git rev-parse --show-toplevel [16ms]
2024-11-13 06:21:43.960 [info] > git config --get commit.template [23ms]
2024-11-13 06:21:44.022 [info] > git rev-parse --show-toplevel [34ms]
2024-11-13 06:21:44.036 [info] > git for-each-ref --format=%(refname)%00%(upstream:short)%00%(objectname)%00%(upstream:track)%00%(upstream:remotename)%00%(upstream:remoteref) refs/heads/main refs/remotes/main [23ms]
2024-11-13 06:21:44.045 [info] > git rev-parse --show-toplevel [16ms]
2024-11-13 06:21:44.046 [info] [Model][doInitialScan] Initial repository scan completed - repositories (1), closed repositories (0), parent repositories (0), unsafe repositories (0)
2024-11-13 06:21:44.080 [info] > git status -z -uall [15ms]
2024-11-13 06:21:44.087 [info] > git for-each-ref --sort -committerdate --format %(refname) %(objectname) %(*objectname) [15ms]
2024-11-13 06:21:44.113 [info] > git for-each-ref --format=%(refname)%00%(upstream:short)%00%(objectname)%00%(upstream:track)%00%(upstream:remotename)%00%(upstream:remoteref) refs/heads/main refs/remotes/main [11ms]
2024-11-13 06:21:44.125 [info] > git config --local branch.main.vscode-merge-base [6ms]
2024-11-13 06:21:44.131 [info] > git config --get commit.template [20ms]
2024-11-13 06:21:44.177 [info] > git for-each-ref --format=%(refname)%00%(upstream:short)%00%(objectname)%00%(upstream:track)%00%(upstream:remotename)%00%(upstream:remoteref) refs/heads/origin/main refs/remotes/origin/main [46ms]
2024-11-13 06:21:44.200 [info] > git merge-base refs/heads/main refs/remotes/origin/main [16ms]
2024-11-13 06:21:44.206 [info] > git for-each-ref --format=%(refname)%00%(upstream:short)%00%(objectname)%00%(upstream:track)%00%(upstream:remotename)%00%(upstream:remoteref) refs/heads/main refs/remotes/main [31ms]
2024-11-13 06:21:44.209 [info] > git diff --name-status -z --diff-filter=ADMR ded9c0b90fba7995575f5cd628ecc4546dbfacc3...refs/remotes/origin/main [3ms]
2024-11-13 06:21:44.223 [info] > git status -z -uall [8ms]
2024-11-13 06:21:44.223 [info] > git for-each-ref --sort -committerdate --format %(refname) %(objectname) %(*objectname) [3ms]
