2024-11-12 18:33:16.747 [info] [main] Log level: Info
2024-11-12 18:33:16.747 [info] [main] Validating found git in: "git"
2024-11-12 18:33:16.747 [info] [main] Using git "2.47.0" from "git"
2024-11-12 18:33:16.747 [info] [Model][doInitialScan] Initial repository scan started
2024-11-12 18:33:16.747 [info] [Model][doInitialScan] Initial repository scan completed - repositories (0), closed repositories (0), parent repositories (0), unsafe repositories (0)
2024-11-12 18:33:26.911 [info] [main] Log level: Info
2024-11-12 18:33:26.911 [info] [main] Validating found git in: "git"
2024-11-12 18:33:26.911 [info] [main] Using git "2.47.0" from "git"
2024-11-12 18:33:26.911 [info] [Model][doInitialScan] Initial repository scan started
2024-11-12 18:33:26.911 [info] > git rev-parse --show-toplevel [32ms]
2024-11-12 18:33:26.955 [info] > git rev-parse --git-dir --git-common-dir [16ms]
2024-11-12 18:33:26.968 [info] [Model][openRepository] Opened repository: /home/hentai/DEV/Cpp-Project-Setup
2024-11-12 18:33:26.998 [info] > git rev-parse --show-toplevel [17ms]
2024-11-12 18:33:26.999 [info] > git config --get commit.template [23ms]
2024-11-12 18:33:27.059 [info] > git rev-parse --show-toplevel [52ms]
2024-11-12 18:33:27.094 [info] > git for-each-ref --format=%(refname)%00%(upstream:short)%00%(objectname)%00%(upstream:track)%00%(upstream:remotename)%00%(upstream:remoteref) refs/heads/main refs/remotes/main [43ms]
2024-11-12 18:33:27.102 [info] > git rev-parse --show-toplevel [17ms]
2024-11-12 18:33:27.103 [info] [Model][doInitialScan] Initial repository scan completed - repositories (1), closed repositories (0), parent repositories (0), unsafe repositories (0)
2024-11-12 18:33:27.118 [info] > git status -z -uall [8ms]
2024-11-12 18:33:27.121 [info] > git for-each-ref --sort -committerdate --format %(refname) %(objectname) %(*objectname) [4ms]
2024-11-12 18:33:27.149 [info] > git for-each-ref --format=%(refname)%00%(upstream:short)%00%(objectname)%00%(upstream:track)%00%(upstream:remotename)%00%(upstream:remoteref) refs/heads/main refs/remotes/main [14ms]
2024-11-12 18:33:27.159 [info] > git config --local branch.main.vscode-merge-base [4ms]
2024-11-12 18:33:27.159 [warning] [Git][config] git config failed: Failed to execute git
2024-11-12 18:33:27.164 [info] > git config --get commit.template [21ms]
2024-11-12 18:33:27.210 [info] > git reflog main --grep-reflog=branch: Created from *. [46ms]
2024-11-12 18:33:27.218 [info] > git symbolic-ref --short refs/remotes/origin/HEAD [4ms]
2024-11-12 18:33:27.223 [info] > git for-each-ref --format=%(refname)%00%(upstream:short)%00%(objectname)%00%(upstream:track)%00%(upstream:remotename)%00%(upstream:remoteref) refs/heads/main refs/remotes/main [15ms]
2024-11-12 18:33:27.240 [info] > git for-each-ref --format=%(refname)%00%(upstream:short)%00%(objectname)%00%(upstream:track)%00%(upstream:remotename)%00%(upstream:remoteref) refs/heads/origin/main refs/remotes/origin/main [17ms]
2024-11-12 18:33:27.249 [info] > git config --local branch.main.vscode-merge-base origin/main [2ms]
2024-11-12 18:33:27.266 [info] > git for-each-ref --format=%(refname)%00%(upstream:short)%00%(objectname)%00%(upstream:track)%00%(upstream:remotename)%00%(upstream:remoteref) refs/heads/main refs/remotes/main [4ms]
2024-11-12 18:33:27.273 [info] > git config --get commit.template [17ms]
2024-11-12 18:33:27.280 [info] > git config --local branch.main.vscode-merge-base [7ms]
2024-11-12 18:33:27.288 [info] > git for-each-ref --format=%(refname)%00%(upstream:short)%00%(objectname)%00%(upstream:track)%00%(upstream:remotename)%00%(upstream:remoteref) refs/heads/main refs/remotes/main [10ms]
2024-11-12 18:33:27.289 [info] > git for-each-ref --format=%(refname)%00%(upstream:short)%00%(objectname)%00%(upstream:track)%00%(upstream:remotename)%00%(upstream:remoteref) refs/heads/origin/main refs/remotes/origin/main [2ms]
2024-11-12 18:33:27.297 [info] > git merge-base refs/heads/main refs/remotes/origin/main [2ms]
2024-11-12 18:33:27.313 [info] > git status -z -uall [6ms]
2024-11-12 18:33:27.314 [info] > git diff --name-status -z --diff-filter=ADMR 7ee54ae8824aab0de0cdba41a70df021ab7c5b1f...refs/remotes/origin/main [12ms]
2024-11-12 18:33:27.315 [info] > git for-each-ref --sort -committerdate --format %(refname) %(objectname) %(*objectname) [3ms]
2024-11-12 18:33:27.510 [info] > git check-ignore -v -z --stdin [2ms]
2024-11-12 18:33:28.347 [info] > git config --get commit.template [4ms]
2024-11-12 18:33:28.348 [info] > git for-each-ref --format=%(refname)%00%(upstream:short)%00%(objectname)%00%(upstream:track)%00%(upstream:remotename)%00%(upstream:remoteref) refs/heads/main refs/remotes/main [1ms]
2024-11-12 18:33:28.358 [info] > git status -z -uall [5ms]
2024-11-12 18:33:28.360 [info] > git for-each-ref --sort -committerdate --format %(refname) %(objectname) %(*objectname) [3ms]
2024-11-12 18:33:28.486 [info] > git check-ignore -v -z --stdin [1ms]
2024-11-12 18:33:29.981 [info] > git show --textconv :script/script.sh [8ms]
2024-11-12 18:33:29.984 [info] > git ls-files --stage -- /home/hentai/DEV/Cpp-Project-Setup/script/script.sh [3ms]
2024-11-12 18:33:29.994 [info] > git cat-file -s 6451b83ee98cfd5bda7255546e99cd6d4a577250 [1ms]
2024-11-12 18:33:52.289 [info] > git config --get commit.template [7ms]
2024-11-12 18:33:52.290 [info] > git for-each-ref --format=%(refname)%00%(upstream:short)%00%(objectname)%00%(upstream:track)%00%(upstream:remotename)%00%(upstream:remoteref) refs/heads/main refs/remotes/main [2ms]
2024-11-12 18:33:52.300 [info] > git status -z -uall [6ms]
2024-11-12 18:33:52.301 [info] > git for-each-ref --sort -committerdate --format %(refname) %(objectname) %(*objectname) [2ms]
