2024-11-13 20:34:01.548 [info] Added views:outline in workbench.view.explorer
2024-11-13 20:34:01.548 [info] Added views:workbench.view.search in workbench.view.search
2024-11-13 20:34:01.548 [info] Added views:workbench.scm in workbench.view.scm
2024-11-13 20:34:01.548 [info] Added views:workbench.panel.markers.view in workbench.panel.markers
2024-11-13 20:34:01.548 [info] Added views:workbench.panel.output in workbench.panel.output
2024-11-13 20:34:01.548 [info] Added views:terminal in terminal
2024-11-13 20:34:01.548 [info] Added views:timeline in workbench.view.explorer
2024-11-13 20:34:01.548 [info] Added views:workbench.explorer.emptyView in workbench.view.explorer
2024-11-13 20:34:02.129 [info] Added views:workbench.debug.variablesView,workbench.debug.watchExpressionsView,workbench.debug.callStackView,workbench.debug.breakPointsView in workbench.view.debug
2024-11-13 20:34:03.252 [info] Added views:workbench.panel.repl.view in workbench.panel.repl
2024-11-13 20:34:03.254 [info] Removed views:workbench.debug.breakPointsView,workbench.debug.callStackView,workbench.debug.watchExpressionsView,workbench.debug.variablesView from workbench.view.debug
2024-11-13 20:34:03.255 [info] Added views:workbench.debug.welcome in workbench.view.debug
2024-11-13 20:34:03.345 [info] Added views:~remote.forwardedPorts in ~remote.forwardedPortsContainer
2024-11-13 20:35:13.634 [info] Added views:outline in workbench.view.explorer
2024-11-13 20:35:13.634 [info] Added views:workbench.view.search in workbench.view.search
2024-11-13 20:35:13.634 [info] Added views:workbench.scm in workbench.view.scm
2024-11-13 20:35:13.634 [info] Added views:workbench.panel.markers.view in workbench.panel.markers
2024-11-13 20:35:13.634 [info] Added views:workbench.panel.output in workbench.panel.output
2024-11-13 20:35:13.634 [info] Added views:terminal in terminal
2024-11-13 20:35:13.634 [info] Added views:timeline in workbench.view.explorer
2024-11-13 20:35:13.634 [info] Added views:workbench.explorer.fileView in workbench.view.explorer
2024-11-13 20:35:14.841 [info] Added views:workbench.debug.variablesView,workbench.debug.watchExpressionsView,workbench.debug.callStackView,workbench.debug.breakPointsView in workbench.view.debug
2024-11-13 20:35:14.958 [info] Added views:workbench.panel.repl.view in workbench.panel.repl
2024-11-13 20:35:14.959 [info] Removed views:workbench.debug.breakPointsView,workbench.debug.callStackView,workbench.debug.watchExpressionsView,workbench.debug.variablesView from workbench.view.debug
2024-11-13 20:35:14.960 [info] Added views:workbench.debug.welcome in workbench.view.debug
2024-11-13 20:35:15.056 [info] Added views:~remote.forwardedPorts in ~remote.forwardedPortsContainer
2024-11-13 20:35:16.605 [info] Added views:workbench.scm.history in workbench.view.scm
2024-11-13 20:56:44.856 [info] Removed views:workbench.scm.history from workbench.view.scm
